[LOG] SystemI::init                            : FMOD Studio Version: 00010807 (77241)
[LOG] SystemI::init                            : maxchannels = 1024, flags = 00030000, extradriverdata = 0000000000000000
[LOG] SystemI::close                           : 
[LOG] SystemI::close                           : Stop all sounds
[LOG] SystemI::close                           : done.

[LOG] OutputWASAPI::init                       : Mix Format (WAVEFORMATEX): wFormatTag=0xFFFE, nChannels=2, nSamplesPerSec=48000, nAvgBytesPerSec=384000, nBlockAlign=8, wBitsPerSample=32, cbSize=22.
[LOG] OutputWASAPI::init                       : Mix Format (WAVEFORMATEXTENSIBLE): wValidBitsPerSample=32, dwChannelMask=0x00000003, SubFormat=00000003-0000-0010-8000-00AA00389B71.
[LOG] OutputWASAPI::init                       : Output buffer size: 4096 samples, latency: 10.67ms, period: 10.00ms, DSP buffer: 1024 * 4
[LOG] Thread::initThread                       : Initializing FMOD mixer thread.  priority 3
[LOG] Thread::initThread                       : - Stacksize 49152.  Stack pointer 0000000000000000 : usesemaphore = 0 : sleeptime = 0
[LOG] Thread::callback                         : * FMOD mixer thread started
[LOG] SystemI::init                            : Set up emulated output
[LOG] SystemI::init                            : create the channel pool
[LOG] Thread::initThread                       : Initializing FMOD stream thread.  priority 2
[LOG] Thread::initThread                       : - Stacksize 65536.  Stack pointer 0000000000000000 : usesemaphore = 0 : sleeptime = 10
[LOG] Thread::callback                         : * FMOD stream thread started
[LOG] Thread::initThread                       : Initializing FMOD Studio update thread.  priority 0
[LOG] Thread::initThread                       : - Stacksize 65536.  Stack pointer 0000000000000000 : usesemaphore = 0 : sleeptime = 1
[LOG] Thread::callback                         : * FMOD Studio update thread started
[LOG] Thread::initThread                       : Initializing FMOD Studio sample load thread.  priority 0
[LOG] Thread::initThread                       : - Stacksize 65536.  Stack pointer 0000000000000000 : usesemaphore = 0 : sleeptime = 1
[LOG] Thread::callback                         : * FMOD Studio sample load thread started
[LOG] LiveUpdate::init                         : 
[LOG] Thread::initThread                       : Initializing FMOD Studio bank load thread.  priority 0
[LOG] Thread::initThread                       : - Stacksize 65536.  Stack pointer 0000000000000000 : usesemaphore = 0 : sleeptime = 1
[LOG] Thread::callback                         : * FMOD Studio bank load thread started
[LOG] Profile::init                            : Profiler listening on port: 9264
[LOG] Manager::readBank                        : fileversion = 79, compatVersion = 70 (oldest = 44, newest = 79)
[LOG] Manager::readBank                        : fileversion = 79, compatVersion = 70 (oldest = 44, newest = 79)
[LOG] PlaybackSystem::acquireMasterBus         : Setting master channel group format to 6
[LOG] Manager::readBank                        : fileversion = 79, compatVersion = 70 (oldest = 44, newest = 79)
[LOG] Manager::readBank                        : fileversion = 79, compatVersion = 70 (oldest = 44, newest = 79)
[LOG] Manager::readBank                        : fileversion = 79, compatVersion = 70 (oldest = 44, newest = 79)
[LOG] Manager::readBank                        : fileversion = 79, compatVersion = 70 (oldest = 44, newest = 79)
[LOG] Manager::readBank                        : fileversion = 79, compatVersion = 70 (oldest = 44, newest = 79)
[LOG] Manager::readBank                        : fileversion = 79, compatVersion = 70 (oldest = 44, newest = 79)
[LOG] Manager::readBank                        : fileversion = 79, compatVersion = 70 (oldest = 44, newest = 79)
[LOG] Manager::readBank                        : fileversion = 79, compatVersion = 70 (oldest = 44, newest = 79)
[LOG] SystemI::createSoundInternal             : filename =  : mode 02000202
[LOG] SystemI::createSoundInternal             : exinfo->cbsize             = 232
[LOG] SystemI::createSoundInternal             : exinfo->length             = 126208
[LOG] SystemI::createSoundInternal             : exinfo->fileoffset         = 17344
[LOG] SystemI::createSoundInternal             : exinfo->numsubsounds       = 1
[LOG] SystemI::createSoundInternal             : exinfo->inclusionlist      = 000000002492FB38
[LOG] SystemI::createSoundInternal             : exinfo->inclusionlistnum   = 1
[LOG] SystemI::createSoundInternal             : exinfo->suggestedsoundtype = 5
[LOG] SystemI::createSoundInternal             : exinfo->useropen           = 000007FEE79A4B00
[LOG] SystemI::createSoundInternal             : exinfo->userclose          = 000007FEE79A4AD0
[LOG] SystemI::createSoundInternal             : exinfo->userread           = 000007FEE79A4BF0
[LOG] SystemI::createSoundInternal             : exinfo->userseek           = 000007FEE79A4CA0
[LOG] SystemI::createSoundInternal             : exinfo->fileuserdata       = 0000000029DC5218
[LOG] SystemI::createSoundInternal             : exinfo->initialseekpostype = 1
[LOG] SystemI::createSoundInternal             : Format has 1 subsounds.
[LOG] SystemI::createSoundInternal             : Create as FMOD_CREATESAMPLE
[LOG] SystemI::createSoundInternal             : Multi-sample sound (1 subsounds), create a sample container.
[LOG] SystemI::createSoundInternal             : creating subsound 0/1
[LOG] SystemI::createSample                    : mode 02000202 length 24030 samples, lengthbytes 4416
[LOG] SystemI::createSample                    : channels = 1
[LOG] SystemI::createSample                    : output = 0000000029E34C18
[LOG] OutputSoftware::createSample             : lengthpcm 24030, lengthbytes 4416, channels 1, format 2, freq 48000, mode 0200020a
[LOG] SystemI::createSoundInternal             : No name found in file, use filename.
[LOG] SystemI::createSoundInternal             : done.  OpenState now = FMOD_OPENSTATE_READY.

[LOG] SystemI::createSoundInternal             : filename =  : mode 02000202
[LOG] SystemI::createSoundInternal             : exinfo->cbsize             = 232
[LOG] SystemI::createSoundInternal             : exinfo->length             = 126208
[LOG] SystemI::createSoundInternal             : exinfo->fileoffset         = 17344
[LOG] SystemI::createSoundInternal             : exinfo->numsubsounds       = 1
[LOG] SystemI::createSoundInternal             : exinfo->inclusionlist      = 000000002492FB38
[LOG] SystemI::createSoundInternal             : exinfo->inclusionlistnum   = 1
[LOG] SystemI::createSoundInternal             : exinfo->suggestedsoundtype = 5
[LOG] SystemI::createSoundInternal             : exinfo->useropen           = 000007FEE79A4B00
[LOG] SystemI::createSoundInternal             : exinfo->userclose          = 000007FEE79A4AD0
[LOG] SystemI::createSoundInternal             : exinfo->userread           = 000007FEE79A4BF0
[LOG] SystemI::createSoundInternal             : exinfo->userseek           = 000007FEE79A4CA0
[LOG] SystemI::createSoundInternal             : exinfo->fileuserdata       = 0000000029DC5218
[LOG] SystemI::createSoundInternal             : exinfo->initialseekpostype = 1
[LOG] SystemI::createSoundInternal             : Format has 1 subsounds.
[LOG] SystemI::createSoundInternal             : Create as FMOD_CREATESAMPLE
[LOG] SystemI::createSoundInternal             : Multi-sample sound (1 subsounds), create a sample container.
[LOG] SystemI::createSoundInternal             : creating subsound 0/1
[LOG] SystemI::createSample                    : mode 02000202 length 23980 samples, lengthbytes 2912
[LOG] SystemI::createSample                    : channels = 1
[LOG] SystemI::createSample                    : output = 0000000029E34C18
[LOG] OutputSoftware::createSample             : lengthpcm 23980, lengthbytes 2912, channels 1, format 2, freq 48000, mode 0200020a
[LOG] SystemI::createSoundInternal             : No name found in file, use filename.
[LOG] SystemI::createSoundInternal             : done.  OpenState now = FMOD_OPENSTATE_READY.

[LOG] SystemI::createSoundInternal             : filename =  : mode 02000202
[LOG] SystemI::createSoundInternal             : exinfo->cbsize             = 232
[LOG] SystemI::createSoundInternal             : exinfo->length             = 126208
[LOG] SystemI::createSoundInternal             : exinfo->fileoffset         = 17344
[LOG] SystemI::createSoundInternal             : exinfo->numsubsounds       = 1
[LOG] SystemI::createSoundInternal             : exinfo->inclusionlist      = 000000002492FB38
[LOG] SystemI::createSoundInternal             : exinfo->inclusionlistnum   = 1
[LOG] SystemI::createSoundInternal             : exinfo->suggestedsoundtype = 5
[LOG] SystemI::createSoundInternal             : exinfo->useropen           = 000007FEE79A4B00
[LOG] SystemI::createSoundInternal             : exinfo->userclose          = 000007FEE79A4AD0
[LOG] SystemI::createSoundInternal             : exinfo->userread           = 000007FEE79A4BF0
[LOG] SystemI::createSoundInternal             : exinfo->userseek           = 000007FEE79A4CA0
[LOG] SystemI::createSoundInternal             : exinfo->fileuserdata       = 0000000029DC5218
[LOG] SystemI::createSoundInternal             : exinfo->initialseekpostype = 1
[LOG] SystemI::createSoundInternal             : Format has 1 subsounds.
[LOG] SystemI::createSoundInternal             : Create as FMOD_CREATESAMPLE
[LOG] SystemI::createSoundInternal             : Multi-sample sound (1 subsounds), create a sample container.
[LOG] SystemI::createSoundInternal             : creating subsound 0/1
[LOG] SystemI::createSample                    : mode 02000202 length 24063 samples, lengthbytes 2688
[LOG] SystemI::createSample                    : channels = 1
[LOG] SystemI::createSample                    : output = 0000000029E34C18
[LOG] OutputSoftware::createSample             : lengthpcm 24063, lengthbytes 2688, channels 1, format 2, freq 48000, mode 0200020a
[LOG] SystemI::createSoundInternal             : No name found in file, use filename.
[LOG] SystemI::createSoundInternal             : done.  OpenState now = FMOD_OPENSTATE_READY.

[LOG] SystemI::createSoundInternal             : filename =  : mode 02000202
[LOG] SystemI::createSoundInternal             : exinfo->cbsize             = 232
[LOG] SystemI::createSoundInternal             : exinfo->length             = 126208
[LOG] SystemI::createSoundInternal             : exinfo->fileoffset         = 17344
[LOG] SystemI::createSoundInternal             : exinfo->numsubsounds       = 1
[LOG] SystemI::createSoundInternal             : exinfo->inclusionlist      = 000000002492FB38
[LOG] SystemI::createSoundInternal             : exinfo->inclusionlistnum   = 1
[LOG] SystemI::createSoundInternal             : exinfo->suggestedsoundtype = 5
[LOG] SystemI::createSoundInternal             : exinfo->useropen           = 000007FEE79A4B00
[LOG] SystemI::createSoundInternal             : exinfo->userclose          = 000007FEE79A4AD0
[LOG] SystemI::createSoundInternal             : exinfo->userread           = 000007FEE79A4BF0
[LOG] SystemI::createSoundInternal             : exinfo->userseek           = 000007FEE79A4CA0
[LOG] SystemI::createSoundInternal             : exinfo->fileuserdata       = 0000000029DC5218
[LOG] SystemI::createSoundInternal             : exinfo->initialseekpostype = 1
[LOG] SystemI::createSoundInternal             : Format has 1 subsounds.
[LOG] SystemI::createSoundInternal             : Create as FMOD_CREATESAMPLE
[LOG] SystemI::createSoundInternal             : Multi-sample sound (1 subsounds), create a sample container.
[LOG] SystemI::createSoundInternal             : creating subsound 0/1
[LOG] SystemI::createSample                    : mode 02000202 length 23607 samples, lengthbytes 2816
[LOG] SystemI::createSample                    : channels = 1
[LOG] SystemI::createSample                    : output = 0000000029E34C18
[LOG] OutputSoftware::createSample             : lengthpcm 23607, lengthbytes 2816, channels 1, format 2, freq 48000, mode 0200020a
[LOG] SystemI::createSoundInternal             : No name found in file, use filename.
[LOG] SystemI::createSoundInternal             : done.  OpenState now = FMOD_OPENSTATE_READY.

[LOG] SystemI::createSoundInternal             : filename =  : mode 02000202
[LOG] SystemI::createSoundInternal             : exinfo->cbsize             = 232
[LOG] SystemI::createSoundInternal             : exinfo->length             = 126208
[LOG] SystemI::createSoundInternal             : exinfo->fileoffset         = 17344
[LOG] SystemI::createSoundInternal             : exinfo->numsubsounds       = 1
[LOG] SystemI::createSoundInternal             : exinfo->inclusionlist      = 000000002492FB38
[LOG] SystemI::createSoundInternal             : exinfo->inclusionlistnum   = 1
[LOG] SystemI::createSoundInternal             : exinfo->suggestedsoundtype = 5
[LOG] SystemI::createSoundInternal             : exinfo->useropen           = 000007FEE79A4B00
[LOG] SystemI::createSoundInternal             : exinfo->userclose          = 000007FEE79A4AD0
[LOG] SystemI::createSoundInternal             : exinfo->userread           = 000007FEE79A4BF0
[LOG] SystemI::createSoundInternal             : exinfo->userseek           = 000007FEE79A4CA0
[LOG] SystemI::createSoundInternal             : exinfo->fileuserdata       = 0000000029DC5218
[LOG] SystemI::createSoundInternal             : exinfo->initialseekpostype = 1
[LOG] SystemI::createSoundInternal             : Format has 1 subsounds.
[LOG] SystemI::createSoundInternal             : Create as FMOD_CREATESAMPLE
[LOG] SystemI::createSoundInternal             : Multi-sample sound (1 subsounds), create a sample container.
[LOG] SystemI::createSoundInternal             : creating subsound 0/1
[LOG] SystemI::createSample                    : mode 02000202 length 23998 samples, lengthbytes 2656
[LOG] SystemI::createSample                    : channels = 1
[LOG] SystemI::createSample                    : output = 0000000029E34C18
[LOG] OutputSoftware::createSample             : lengthpcm 23998, lengthbytes 2656, channels 1, format 2, freq 48000, mode 0200020a
[LOG] SystemI::createSoundInternal             : No name found in file, use filename.
[LOG] SystemI::createSoundInternal             : done.  OpenState now = FMOD_OPENSTATE_READY.

[LOG] SystemI::createSoundInternal             : filename =  : mode 02000202
[LOG] SystemI::createSoundInternal             : exinfo->cbsize             = 232
[LOG] SystemI::createSoundInternal             : exinfo->length             = 126208
[LOG] SystemI::createSoundInternal             : exinfo->fileoffset         = 17344
[LOG] SystemI::createSoundInternal             : exinfo->numsubsounds       = 1
[LOG] SystemI::createSoundInternal             : exinfo->inclusionlist      = 000000002492FB38
[LOG] SystemI::createSoundInternal             : exinfo->inclusionlistnum   = 1
[LOG] SystemI::createSoundInternal             : exinfo->suggestedsoundtype = 5
[LOG] SystemI::createSoundInternal             : exinfo->useropen           = 000007FEE79A4B00
[LOG] SystemI::createSoundInternal             : exinfo->userclose          = 000007FEE79A4AD0
[LOG] SystemI::createSoundInternal             : exinfo->userread           = 000007FEE79A4BF0
[LOG] SystemI::createSoundInternal             : exinfo->userseek           = 000007FEE79A4CA0
[LOG] SystemI::createSoundInternal             : exinfo->fileuserdata       = 0000000029DC5218
[LOG] SystemI::createSoundInternal             : exinfo->initialseekpostype = 1
[LOG] SystemI::createSoundInternal             : Format has 1 subsounds.
[LOG] SystemI::createSoundInternal             : Create as FMOD_CREATESAMPLE
[LOG] SystemI::createSoundInternal             : Multi-sample sound (1 subsounds), create a sample container.
[LOG] SystemI::createSoundInternal             : creating subsound 0/1
[LOG] SystemI::createSample                    : mode 02000202 length 23983 samples, lengthbytes 4544
[LOG] SystemI::createSample                    : channels = 1
[LOG] SystemI::createSample                    : output = 0000000029E34C18
[LOG] OutputSoftware::createSample             : lengthpcm 23983, lengthbytes 4544, channels 1, format 2, freq 48000, mode 0200020a
[LOG] SystemI::createSoundInternal             : No name found in file, use filename.
[LOG] SystemI::createSoundInternal             : done.  OpenState now = FMOD_OPENSTATE_READY.

[LOG] SystemI::createSoundInternal             : filename =  : mode 02000202
[LOG] SystemI::createSoundInternal             : exinfo->cbsize             = 232
[LOG] SystemI::createSoundInternal             : exinfo->length             = 126208
[LOG] SystemI::createSoundInternal             : exinfo->fileoffset         = 17344
[LOG] SystemI::createSoundInternal             : exinfo->numsubsounds       = 1
[LOG] SystemI::createSoundInternal             : exinfo->inclusionlist      = 000000002492FB38
[LOG] SystemI::createSoundInternal             : exinfo->inclusionlistnum   = 1
[LOG] SystemI::createSoundInternal             : exinfo->suggestedsoundtype = 5
[LOG] SystemI::createSoundInternal             : exinfo->useropen           = 000007FEE79A4B00
[LOG] SystemI::createSoundInternal             : exinfo->userclose          = 000007FEE79A4AD0
[LOG] SystemI::createSoundInternal             : exinfo->userread           = 000007FEE79A4BF0
[LOG] SystemI::createSoundInternal             : exinfo->userseek           = 000007FEE79A4CA0
[LOG] SystemI::createSoundInternal             : exinfo->fileuserdata       = 0000000029DC5218
[LOG] SystemI::createSoundInternal             : exinfo->initialseekpostype = 1
[LOG] SystemI::createSoundInternal             : Format has 1 subsounds.
[LOG] SystemI::createSoundInternal             : Create as FMOD_CREATESAMPLE
[LOG] SystemI::createSoundInternal             : Multi-sample sound (1 subsounds), create a sample container.
[LOG] SystemI::createSoundInternal             : creating subsound 0/1
[LOG] SystemI::createSample                    : mode 02000202 length 23998 samples, lengthbytes 2720
[LOG] SystemI::createSample                    : channels = 1
[LOG] SystemI::createSample                    : output = 0000000029E34C18
[LOG] OutputSoftware::createSample             : lengthpcm 23998, lengthbytes 2720, channels 1, format 2, freq 48000, mode 0200020a
[LOG] SystemI::createSoundInternal             : No name found in file, use filename.
[LOG] SystemI::createSoundInternal             : done.  OpenState now = FMOD_OPENSTATE_READY.

[LOG] SystemI::createSoundInternal             : filename =  : mode 02000202
[LOG] SystemI::createSoundInternal             : exinfo->cbsize             = 232
[LOG] SystemI::createSoundInternal             : exinfo->length             = 126208
[LOG] SystemI::createSoundInternal             : exinfo->fileoffset         = 17344
[LOG] SystemI::createSoundInternal             : exinfo->numsubsounds       = 1
[LOG] SystemI::createSoundInternal             : exinfo->inclusionlist      = 000000002492FB38
[LOG] SystemI::createSoundInternal             : exinfo->inclusionlistnum   = 1
[LOG] SystemI::createSoundInternal             : exinfo->suggestedsoundtype = 5
[LOG] SystemI::createSoundInternal             : exinfo->useropen           = 000007FEE79A4B00
[LOG] SystemI::createSoundInternal             : exinfo->userclose          = 000007FEE79A4AD0
[LOG] SystemI::createSoundInternal             : exinfo->userread           = 000007FEE79A4BF0
[LOG] SystemI::createSoundInternal             : exinfo->userseek           = 000007FEE79A4CA0
[LOG] SystemI::createSoundInternal             : exinfo->fileuserdata       = 0000000029DC5218
[LOG] SystemI::createSoundInternal             : exinfo->initialseekpostype = 1
[LOG] SystemI::createSoundInternal             : Format has 1 subsounds.
[LOG] SystemI::createSoundInternal             : Create as FMOD_CREATESAMPLE
[LOG] SystemI::createSoundInternal             : Multi-sample sound (1 subsounds), create a sample container.
[LOG] SystemI::createSoundInternal             : creating subsound 0/1
[LOG] SystemI::createSample                    : mode 02000202 length 24024 samples, lengthbytes 4576
[LOG] SystemI::createSample                    : channels = 1
[LOG] SystemI::createSample                    : output = 0000000029E34C18
[LOG] OutputSoftware::createSample             : lengthpcm 24024, lengthbytes 4576, channels 1, format 2, freq 48000, mode 0200020a
[LOG] SystemI::createSoundInternal             : No name found in file, use filename.
[LOG] SystemI::createSoundInternal             : done.  OpenState now = FMOD_OPENSTATE_READY.

[LOG] SystemI::createSoundInternal             : filename =  : mode 02000202
[LOG] SystemI::createSoundInternal             : exinfo->cbsize             = 232
[LOG] SystemI::createSoundInternal             : exinfo->length             = 126208
[LOG] SystemI::createSoundInternal             : exinfo->fileoffset         = 17344
[LOG] SystemI::createSoundInternal             : exinfo->numsubsounds       = 1
[LOG] SystemI::createSoundInternal             : exinfo->inclusionlist      = 000000002492FB38
[LOG] SystemI::createSoundInternal             : exinfo->inclusionlistnum   = 1
[LOG] SystemI::createSoundInternal             : exinfo->suggestedsoundtype = 5
[LOG] SystemI::createSoundInternal             : exinfo->useropen           = 000007FEE79A4B00
[LOG] SystemI::createSoundInternal             : exinfo->userclose          = 000007FEE79A4AD0
[LOG] SystemI::createSoundInternal             : exinfo->userread           = 000007FEE79A4BF0
[LOG] SystemI::createSoundInternal             : exinfo->userseek           = 000007FEE79A4CA0
[LOG] SystemI::createSoundInternal             : exinfo->fileuserdata       = 0000000029DC5218
[LOG] SystemI::createSoundInternal             : exinfo->initialseekpostype = 1
[LOG] SystemI::createSoundInternal             : Format has 1 subsounds.
[LOG] SystemI::createSoundInternal             : Create as FMOD_CREATESAMPLE
[LOG] SystemI::createSoundInternal             : Multi-sample sound (1 subsounds), create a sample container.
[LOG] SystemI::createSoundInternal             : creating subsound 0/1
[LOG] SystemI::createSample                    : mode 02000202 length 24064 samples, lengthbytes 2368
[LOG] SystemI::createSample                    : channels = 1
[LOG] SystemI::createSample                    : output = 0000000029E34C18
[LOG] OutputSoftware::createSample             : lengthpcm 24064, lengthbytes 2368, channels 1, format 2, freq 48000, mode 0200020a
[LOG] SystemI::createSoundInternal             : No name found in file, use filename.
[LOG] SystemI::createSoundInternal             : done.  OpenState now = FMOD_OPENSTATE_READY.

[LOG] SystemI::createSoundInternal             : filename =  : mode 02000202
[LOG] SystemI::createSoundInternal             : exinfo->cbsize             = 232
[LOG] SystemI::createSoundInternal             : exinfo->length             = 126208
[LOG] SystemI::createSoundInternal             : exinfo->fileoffset         = 17344
[LOG] SystemI::createSoundInternal             : exinfo->numsubsounds       = 1
[LOG] SystemI::createSoundInternal             : exinfo->inclusionlist      = 000000002492FB38
[LOG] SystemI::createSoundInternal             : exinfo->inclusionlistnum   = 1
[LOG] SystemI::createSoundInternal             : exinfo->suggestedsoundtype = 5
[LOG] SystemI::createSoundInternal             : exinfo->useropen           = 000007FEE79A4B00
[LOG] SystemI::createSoundInternal             : exinfo->userclose          = 000007FEE79A4AD0
[LOG] SystemI::createSoundInternal             : exinfo->userread           = 000007FEE79A4BF0
[LOG] SystemI::createSoundInternal             : exinfo->userseek           = 000007FEE79A4CA0
[LOG] SystemI::createSoundInternal             : exinfo->fileuserdata       = 0000000029DC5218
[LOG] SystemI::createSoundInternal             : exinfo->initialseekpostype = 1
[LOG] SystemI::createSoundInternal             : Format has 1 subsounds.
[LOG] SystemI::createSoundInternal             : Create as FMOD_CREATESAMPLE
[LOG] SystemI::createSoundInternal             : Multi-sample sound (1 subsounds), create a sample container.
[LOG] SystemI::createSoundInternal             : creating subsound 0/1
[LOG] SystemI::createSample                    : mode 02000202 length 23994 samples, lengthbytes 2816
[LOG] SystemI::createSample                    : channels = 1
[LOG] SystemI::createSample                    : output = 0000000029E34C18
[LOG] OutputSoftware::createSample             : lengthpcm 23994, lengthbytes 2816, channels 1, format 2, freq 48000, mode 0200020a
[LOG] SystemI::createSoundInternal             : No name found in file, use filename.
[LOG] SystemI::createSoundInternal             : done.  OpenState now = FMOD_OPENSTATE_READY.

[LOG] SystemI::mixerSuspend                    : Suspending output.
[LOG] SystemI::mixerResume                     : Resuming output.
[LOG] SoundI::release                          :  (00000000377CA3A8)
[LOG] SoundI::release                          : release subsounds. (00000000377CA3A8)
[LOG] SoundI::release                          :     Grass1 (0000000029DEDEF8)
[LOG] SoundI::release                          : release codec. (00000000377CA3A8)
[LOG] SoundI::release                          :  (000000003169C938)
[LOG] SoundI::release                          : release subsounds. (000000003169C938)
[LOG] SoundI::release                          :     Grass2 (0000000029DED0E8)
[LOG] SoundI::release                          : release codec. (000000003169C938)
[LOG] SoundI::release                          :  (000000003169C208)
[LOG] SoundI::release                          : release subsounds. (000000003169C208)
[LOG] SoundI::release                          :     Grass3 (00000000263FE808)
[LOG] SoundI::release                          : release codec. (000000003169C208)
[LOG] SoundI::release                          :  (00000000377CA518)
[LOG] SoundI::release                          : release subsounds. (00000000377CA518)
[LOG] SoundI::release                          :     Wood1 (0000000029DECF58)
[LOG] SoundI::release                          : release codec. (00000000377CA518)
[LOG] SoundI::release                          :  (000000003169C378)
[LOG] SoundI::release                          : release subsounds. (000000003169C378)
[LOG] SoundI::release                          :     Wood2 (00000000263FD548)
[LOG] SoundI::release                          : release codec. (000000003169C378)
[LOG] SoundI::release                          :  (00000000377CA238)
[LOG] SoundI::release                          : release subsounds. (00000000377CA238)
[LOG] SoundI::release                          :     Wood3 (0000000029DEE9E8)
[LOG] SoundI::release                          : release codec. (00000000377CA238)
[LOG] SoundI::release                          :  (000000003169C658)
[LOG] SoundI::release                          : release subsounds. (000000003169C658)
[LOG] SoundI::release                          :     Wood4 (00000000162F2598)
[LOG] SoundI::release                          : release codec. (000000003169C658)
[LOG] SoundI::release                          :  (00000000377CA688)
[LOG] SoundI::release                          : release subsounds. (00000000377CA688)
[LOG] SoundI::release                          :     Carpet1 (0000000029DEE218)
[LOG] SoundI::release                          : release codec. (00000000377CA688)
[LOG] SoundI::release                          :  (000000003169C4E8)
[LOG] SoundI::release                          : release subsounds. (000000003169C4E8)
[LOG] SoundI::release                          :     Carpet2 (00000000162F2278)
[LOG] SoundI::release                          : release codec. (000000003169C4E8)
[LOG] SoundI::release                          :  (000000003169C7C8)
[LOG] SoundI::release                          : release subsounds. (000000003169C7C8)
[LOG] SoundI::release                          :     Carpet3 (0000000029DEDBD8)
[LOG] SoundI::release                          : release codec. (000000003169C7C8)
[LOG] Thread::callback                         : * FMOD Studio update thread finished
[LOG] Thread::close                            : FMOD Studio update thread thread destroyed
[LOG] Thread::callback                         : * FMOD Studio bank load thread finished
[LOG] Thread::close                            : FMOD Studio bank load thread thread destroyed
[LOG] Profile::disconnectAll                   : Profiler disconnecting all clients
[LOG] Thread::callback                         : * FMOD Studio sample load thread finished
[LOG] Thread::close                            : FMOD Studio sample load thread thread destroyed
[LOG] LiveUpdate::release                      : 
[LOG] LiveUpdate::reset                        : Reset connection (reason Disconnected)
[LOG] SystemI::close                           : 
[LOG] SystemI::close                           : Stop all sounds
[LOG] Thread::callback                         : * FMOD stream thread finished
[LOG] Thread::close                            : FMOD stream thread thread destroyed
[LOG] SystemI::close                           : Stream thread destroyed
[LOG] Thread::callback                         : * FMOD mixer thread finished
[LOG] Thread::close                            : FMOD mixer thread thread destroyed
[LOG] SystemI::close                           : Free master channel group.
[LOG] SystemI::close                           : Remove 'master' sound group.
[LOG] SystemI::close                           : Free software output.
[LOG] SystemI::close                           : Free emulated output.
[LOG] SystemI::close                           : Free channel pool.
[LOG] SystemI::close                           : done.

