[LOG] System::create                           : Header version = 1.08.07. Current version = 1.08.07.
[LOG] SystemI::init                            : FMOD Studio Version: 00010807 (77241)
[LOG] SystemI::init                            : maxchannels = 256, flags = 00020000, extradriverdata = 0000000000000000
[LOG] SystemI::close                           : 
[LOG] SystemI::close                           : Stop all sounds
[LOG] SystemI::close                           : done.

[LOG] OutputWASAPI::init                       : Mix Format (WAVEFORMATEX): wFormatTag=0xFFFE, nChannels=2, nSamplesPerSec=48000, nAvgBytesPerSec=384000, nBlockAlign=8, wBitsPerSample=32, cbSize=22.
[LOG] OutputWASAPI::init                       : Mix Format (WAVEFORMATEXTENSIBLE): wValidBitsPerSample=32, dwChannelMask=0x00000003, SubFormat=00000003-0000-0010-8000-00AA00389B71.
[LOG] OutputWASAPI::init                       : Output buffer size: 4096 samples, latency: 10.67ms, period: 10.00ms, DSP buffer: 1024 * 4
[LOG] Thread::initThread                       : Initializing FMOD mixer thread.  priority 3
[LOG] Thread::initThread                       : - Stacksize 49152.  Stack pointer 0000000000000000 : usesemaphore = 0 : sleeptime = 0
[LOG] Thread::callback                         : * FMOD mixer thread started
[LOG] SystemI::init                            : Set up emulated output
[LOG] SystemI::init                            : create the channel pool
[LOG] Thread::initThread                       : Initializing FMOD stream thread.  priority 2
[LOG] Thread::initThread                       : - Stacksize 65536.  Stack pointer 0000000000000000 : usesemaphore = 0 : sleeptime = 10
[LOG] Thread::callback                         : * FMOD stream thread started
[LOG] Thread::initThread                       : Initializing FMOD Studio sample load thread.  priority 0
[LOG] Thread::initThread                       : - Stacksize 65536.  Stack pointer 0000000000000000 : usesemaphore = 0 : sleeptime = 1
[LOG] Thread::callback                         : * FMOD Studio sample load thread started
[LOG] Thread::initThread                       : Initializing FMOD Studio bank load thread.  priority 0
[LOG] Thread::initThread                       : - Stacksize 65536.  Stack pointer 0000000000000000 : usesemaphore = 0 : sleeptime = 1
[LOG] Thread::callback                         : * FMOD Studio bank load thread started
[LOG] Manager::readBank                        : fileversion = 79, compatVersion = 70 (oldest = 44, newest = 79)
[LOG] Manager::readBank                        : fileversion = 79, compatVersion = 70 (oldest = 44, newest = 79)
[LOG] Manager::readBank                        : fileversion = 79, compatVersion = 70 (oldest = 44, newest = 79)
[LOG] Manager::readBank                        : fileversion = 79, compatVersion = 70 (oldest = 44, newest = 79)
[WRN] ObjectLookup::get                        : Lookup failed for BusWithInputs: {3e1d1653-8bd5-4dbc-865e-cba8e8ded970}
[WRN] ObjectLookup::get                        : Lookup failed for BusWithInputs: {3e1d1653-8bd5-4dbc-865e-cba8e8ded970}
[WRN] ObjectLookup::get                        : Lookup failed for BusWithInputs: {af9d027a-3a1f-49a8-a9ef-4cbe20673632}
[WRN] ObjectLookup::get                        : Lookup failed for BusWithInputs: {3e1d1653-8bd5-4dbc-865e-cba8e8ded970}
[WRN] ObjectLookup::get                        : Lookup failed for BusWithSends: {524ae5a9-928c-4391-9635-34b41d4602af}
[WRN] ObjectLookup::get                        : Lookup failed for BusWithSends: {524ae5a9-928c-4391-9635-34b41d4602af}
[WRN] ObjectLookup::get                        : Lookup failed for BusWithSends: {524ae5a9-928c-4391-9635-34b41d4602af}
[LOG] Manager::readBank                        : fileversion = 79, compatVersion = 70 (oldest = 44, newest = 79)
[WRN] ObjectLookup::get                        : Lookup failed for BusWithInputs: {dd124d8d-1ccd-4871-a160-5024e3e3f116}
[WRN] ObjectLookup::get                        : Lookup failed for BusWithInputs: {dd124d8d-1ccd-4871-a160-5024e3e3f116}
[WRN] ObjectLookup::get                        : Lookup failed for BusWithInputs: {da23c66c-e512-4a93-98dc-02d6f58e4c5a}
[WRN] ObjectLookup::get                        : Lookup failed for BusWithInputs: {dd124d8d-1ccd-4871-a160-5024e3e3f116}
[WRN] ObjectLookup::get                        : Lookup failed for BusWithSends: {524ae5a9-928c-4391-9635-34b41d4602af}
[WRN] ObjectLookup::get                        : Lookup failed for BusWithSends: {524ae5a9-928c-4391-9635-34b41d4602af}
[WRN] ObjectLookup::get                        : Lookup failed for BusWithSends: {524ae5a9-928c-4391-9635-34b41d4602af}
[WRN] ObjectLookup::get                        : Lookup failed for BusWithSends: {524ae5a9-928c-4391-9635-34b41d4602af}
[LOG] Manager::readBank                        : fileversion = 79, compatVersion = 70 (oldest = 44, newest = 79)
[LOG] PlaybackSystem::acquireMasterBus         : Setting master channel group format to 6
[LOG] Manager::readBank                        : fileversion = 79, compatVersion = 70 (oldest = 44, newest = 79)
[WRN] ObjectLookup::get                        : Lookup failed for BusWithInputs: {7e33a2b3-db05-4b7a-ba1e-e862f2bfde36}
[LOG] Manager::readBank                        : fileversion = 79, compatVersion = 70 (oldest = 44, newest = 79)
[WRN] ObjectLookup::get                        : Lookup failed for BusWithInputs: {37ebea86-d649-4a7a-b7b5-25701bfce8e9}
[WRN] ObjectLookup::get                        : Lookup failed for BusWithInputs: {37ebea86-d649-4a7a-b7b5-25701bfce8e9}
[WRN] ObjectLookup::get                        : Lookup failed for BusWithSends: {524ae5a9-928c-4391-9635-34b41d4602af}
[WRN] ObjectLookup::get                        : Lookup failed for BusWithSends: {524ae5a9-928c-4391-9635-34b41d4602af}
[LOG] Manager::readBank                        : fileversion = 79, compatVersion = 70 (oldest = 44, newest = 79)
[WRN] ObjectLookup::get                        : Lookup failed for BusWithInputs: {567dab1c-bdc2-4d47-9602-32adf0397c12}
[WRN] ObjectLookup::get                        : Lookup failed for BusWithInputs: {567dab1c-bdc2-4d47-9602-32adf0397c12}
[WRN] ObjectLookup::get                        : Lookup failed for BusWithSends: {524ae5a9-928c-4391-9635-34b41d4602af}
[WRN] ObjectLookup::get                        : Lookup failed for BusWithSends: {524ae5a9-928c-4391-9635-34b41d4602af}
[LOG] Manager::readBank                        : fileversion = 79, compatVersion = 70 (oldest = 44, newest = 79)
[WRN] ObjectLookup::get                        : Lookup failed for BusWithInputs: {3c7de949-be35-4f30-9a7d-48cf3eca2e86}
[WRN] ObjectLookup::get                        : Lookup failed for BusWithInputs: {3c7de949-be35-4f30-9a7d-48cf3eca2e86}
[LOG] Manager::readBank                        : fileversion = 79, compatVersion = 70 (oldest = 44, newest = 79)
[WRN] ObjectLookup::get                        : Lookup failed for BusWithInputs: {d9982c58-a056-4e6c-b8e3-883854b4bffb}
[LOG] Manager::readBank                        : fileversion = 79, compatVersion = 70 (oldest = 44, newest = 79)
[WRN] ObjectLookup::get                        : Lookup failed for BusWithInputs: {670390e5-527e-4f22-8654-b0326c9cc0c6}
[WRN] ObjectLookup::get                        : Lookup failed for BusWithInputs: {670390e5-527e-4f22-8654-b0326c9cc0c6}
[WRN] ObjectLookup::get                        : Lookup failed for BusWithSends: {524ae5a9-928c-4391-9635-34b41d4602af}
[LOG] Thread::callback                         : * FMOD Studio bank load thread finished
[LOG] Thread::close                            : FMOD Studio bank load thread thread destroyed
[LOG] Thread::callback                         : * FMOD Studio sample load thread finished
[LOG] Thread::close                            : FMOD Studio sample load thread thread destroyed
[LOG] LiveUpdate::release                      : 
[LOG] LiveUpdate::reset                        : Reset connection (reason Disconnected)
[LOG] SystemI::close                           : 
[LOG] SystemI::close                           : Stop all sounds
[LOG] Thread::callback                         : * FMOD stream thread finished
[LOG] Thread::close                            : FMOD stream thread thread destroyed
[LOG] SystemI::close                           : Stream thread destroyed
[LOG] Thread::callback                         : * FMOD mixer thread finished
[LOG] Thread::close                            : FMOD mixer thread thread destroyed
[LOG] SystemI::close                           : Free master channel group.
[LOG] SystemI::close                           : Remove 'master' sound group.
[LOG] SystemI::close                           : Free software output.
[LOG] SystemI::close                           : Free emulated output.
[LOG] SystemI::close                           : Free channel pool.
[LOG] SystemI::close                           : done.

[LOG] System::create                           : Header version = 1.08.07. Current version = 1.08.07.
